[    2650ms] [LOG] This log comes from assets/app.js - welcome to AssetMapper! 🎉 @ http://devboitechimere.test/assets/app-89ALySO.js:20
[    2650ms] [LOG] details: {application: X} @ http://devboitechimere.test/assets/vendor/@hotwired/stimulus/stimulus.index-S4zNcea.js:6
[    2650ms] [LOG] details: {application: X} @ http://devboitechimere.test/assets/vendor/@hotwired/stimulus/stimulus.index-S4zNcea.js:6
[  114386ms] [LOG] This log comes from assets/app.js - welcome to AssetMapper! 🎉 @ http://devboitechimere.test/assets/app-89ALySO.js:20
[  114386ms] [LOG] details: {application: X} @ http://devboitechimere.test/assets/vendor/@hotwired/stimulus/stimulus.index-S4zNcea.js:6
[  114387ms] [LOG] details: {application: X} @ http://devboitechimere.test/assets/vendor/@hotwired/stimulus/stimulus.index-S4zNcea.js:6
[ 5641280ms] [LOG] This log comes from assets/app.js - welcome to AssetMapper! 🎉 @ http://devboitechimere.test/assets/app-89ALySO.js:20
[ 5641280ms] [LOG] details: {application: X} @ http://devboitechimere.test/assets/vendor/@hotwired/stimulus/stimulus.index-S4zNcea.js:6
[ 5641280ms] [LOG] details: {application: X} @ http://devboitechimere.test/assets/vendor/@hotwired/stimulus/stimulus.index-S4zNcea.js:6
[ 5762330ms] [LOG] This log comes from assets/app.js - welcome to AssetMapper! 🎉 @ http://devboitechimere.test/assets/app-89ALySO.js:20
[ 5762330ms] [LOG] details: {application: X} @ http://devboitechimere.test/assets/vendor/@hotwired/stimulus/stimulus.index-S4zNcea.js:6
[ 5762330ms] [LOG] details: {application: X} @ http://devboitechimere.test/assets/vendor/@hotwired/stimulus/stimulus.index-S4zNcea.js:6
[ 6603783ms] [LOG] This log comes from assets/app.js - welcome to AssetMapper! 🎉 @ http://devboitechimere.test/assets/app-89ALySO.js:20
[ 6603784ms] [LOG] details: {application: X} @ http://devboitechimere.test/assets/vendor/@hotwired/stimulus/stimulus.index-S4zNcea.js:6
[ 6603784ms] [LOG] details: {application: X} @ http://devboitechimere.test/assets/vendor/@hotwired/stimulus/stimulus.index-S4zNcea.js:6
[ 6624542ms] [LOG] This log comes from assets/app.js - welcome to AssetMapper! 🎉 @ http://devboitechimere.test/assets/app-89ALySO.js:20
[ 6624543ms] [LOG] details: {application: X} @ http://devboitechimere.test/assets/vendor/@hotwired/stimulus/stimulus.index-S4zNcea.js:6
[ 6624544ms] [LOG] details: {application: X} @ http://devboitechimere.test/assets/vendor/@hotwired/stimulus/stimulus.index-S4zNcea.js:6
[ 6636948ms] [LOG] This log comes from assets/app.js - welcome to AssetMapper! 🎉 @ http://devboitechimere.test/assets/app-89ALySO.js:20
[ 6636949ms] [LOG] details: {application: X} @ http://devboitechimere.test/assets/vendor/@hotwired/stimulus/stimulus.index-S4zNcea.js:6
[ 6636949ms] [LOG] details: {application: X} @ http://devboitechimere.test/assets/vendor/@hotwired/stimulus/stimulus.index-S4zNcea.js:6
[ 6800965ms] [LOG] This log comes from assets/app.js - welcome to AssetMapper! 🎉 @ http://devboitechimere.test/assets/app-89ALySO.js:20
[ 6800966ms] [LOG] details: {application: X} @ http://devboitechimere.test/assets/vendor/@hotwired/stimulus/stimulus.index-S4zNcea.js:6
[ 6800966ms] [LOG] details: {application: X} @ http://devboitechimere.test/assets/vendor/@hotwired/stimulus/stimulus.index-S4zNcea.js:6
