[     668ms] [ERROR] Failed to load resource: the server responded with a status of 404 (Not Found) @ http://devboitechimere.test/_wdt/styles:0
[     703ms] [LOG] This log comes from assets/app.js - welcome to AssetMapper! 🎉 @ http://devboitechimere.test/assets/app-EKQ_RPv.js:17
[     703ms] [LOG] details: {application: X} @ http://devboitechimere.test/assets/vendor/@hotwired/stimulus/stimulus.index-S4zNcea.js:6
[     703ms] [LOG] details: {application: X} @ http://devboitechimere.test/assets/vendor/@hotwired/stimulus/stimulus.index-S4zNcea.js:6
[     710ms] [ERROR] Failed to load resource: the server responded with a status of 404 (Not Found) @ http://devboitechimere.test/_wdt/b0dc75?XDEBUG_IGNORE=1:0
[     850ms] [ERROR] Failed to load resource: the server responded with a status of 404 (Not Found) @ http://devboitechimere.test/_wdt/b0dc75?XDEBUG_IGNORE=1:0
[    1233ms] [ERROR] Failed to load resource: the server responded with a status of 404 (Not Found) @ http://devboitechimere.test/_wdt/b0dc75?XDEBUG_IGNORE=1:0
[    1880ms] [ERROR] Failed to load resource: the server responded with a status of 404 (Not Found) @ http://devboitechimere.test/_wdt/b0dc75?XDEBUG_IGNORE=1:0
[    2766ms] [ERROR] Failed to load resource: the server responded with a status of 404 (Not Found) @ http://devboitechimere.test/_wdt/b0dc75?XDEBUG_IGNORE=1:0
[    3775ms] [ERROR] Failed to load resource: the server responded with a status of 404 (Not Found) @ http://devboitechimere.test/_wdt/b0dc75?XDEBUG_IGNORE=1:0
[    4790ms] [ERROR] Failed to load resource: the server responded with a status of 404 (Not Found) @ http://devboitechimere.test/_wdt/b0dc75?XDEBUG_IGNORE=1:0
[    5800ms] [ERROR] Failed to load resource: the server responded with a status of 404 (Not Found) @ http://devboitechimere.test/_wdt/b0dc75?XDEBUG_IGNORE=1:0
[    6819ms] [ERROR] Failed to load resource: the server responded with a status of 404 (Not Found) @ http://devboitechimere.test/_wdt/b0dc75?XDEBUG_IGNORE=1:0
[    7840ms] [ERROR] Failed to load resource: the server responded with a status of 404 (Not Found) @ http://devboitechimere.test/_wdt/b0dc75?XDEBUG_IGNORE=1:0
[    8853ms] [ERROR] Failed to load resource: the server responded with a status of 404 (Not Found) @ http://devboitechimere.test/_wdt/b0dc75?XDEBUG_IGNORE=1:0
[    9864ms] [ERROR] Failed to load resource: the server responded with a status of 404 (Not Found) @ http://devboitechimere.test/_wdt/b0dc75?XDEBUG_IGNORE=1:0
[   10874ms] [ERROR] Failed to load resource: the server responded with a status of 404 (Not Found) @ http://devboitechimere.test/_wdt/b0dc75?XDEBUG_IGNORE=1:0
[   11882ms] [ERROR] Failed to load resource: the server responded with a status of 404 (Not Found) @ http://devboitechimere.test/_wdt/b0dc75?XDEBUG_IGNORE=1:0
[   12894ms] [ERROR] Failed to load resource: the server responded with a status of 404 (Not Found) @ http://devboitechimere.test/_wdt/b0dc75?XDEBUG_IGNORE=1:0
[   13910ms] [ERROR] Failed to load resource: the server responded with a status of 404 (Not Found) @ http://devboitechimere.test/_wdt/b0dc75?XDEBUG_IGNORE=1:0
[   14934ms] [ERROR] Failed to load resource: the server responded with a status of 404 (Not Found) @ http://devboitechimere.test/_wdt/b0dc75?XDEBUG_IGNORE=1:0
[   15941ms] [ERROR] Failed to load resource: the server responded with a status of 404 (Not Found) @ http://devboitechimere.test/_wdt/b0dc75?XDEBUG_IGNORE=1:0
[   16950ms] [ERROR] Failed to load resource: the server responded with a status of 404 (Not Found) @ http://devboitechimere.test/_wdt/b0dc75?XDEBUG_IGNORE=1:0
[   17975ms] [ERROR] Failed to load resource: the server responded with a status of 404 (Not Found) @ http://devboitechimere.test/_wdt/b0dc75?XDEBUG_IGNORE=1:0
[   18984ms] [ERROR] Failed to load resource: the server responded with a status of 404 (Not Found) @ http://devboitechimere.test/_wdt/b0dc75?XDEBUG_IGNORE=1:0
[   19997ms] [ERROR] Failed to load resource: the server responded with a status of 404 (Not Found) @ http://devboitechimere.test/_wdt/b0dc75?XDEBUG_IGNORE=1:0
[   21015ms] [ERROR] Failed to load resource: the server responded with a status of 404 (Not Found) @ http://devboitechimere.test/_wdt/b0dc75?XDEBUG_IGNORE=1:0
[   22026ms] [ERROR] Failed to load resource: the server responded with a status of 404 (Not Found) @ http://devboitechimere.test/_wdt/b0dc75?XDEBUG_IGNORE=1:0
[   23040ms] [ERROR] Failed to load resource: the server responded with a status of 404 (Not Found) @ http://devboitechimere.test/_wdt/b0dc75?XDEBUG_IGNORE=1:0
[   24055ms] [ERROR] Failed to load resource: the server responded with a status of 404 (Not Found) @ http://devboitechimere.test/_wdt/b0dc75?XDEBUG_IGNORE=1:0
[   25067ms] [ERROR] Failed to load resource: the server responded with a status of 404 (Not Found) @ http://devboitechimere.test/_wdt/b0dc75?XDEBUG_IGNORE=1:0
[   26076ms] [ERROR] Failed to load resource: the server responded with a status of 404 (Not Found) @ http://devboitechimere.test/_wdt/b0dc75?XDEBUG_IGNORE=1:0
[   27088ms] [ERROR] Failed to load resource: the server responded with a status of 404 (Not Found) @ http://devboitechimere.test/_wdt/b0dc75?XDEBUG_IGNORE=1:0
[   28102ms] [ERROR] Failed to load resource: the server responded with a status of 404 (Not Found) @ http://devboitechimere.test/_wdt/b0dc75?XDEBUG_IGNORE=1:0
[   29116ms] [ERROR] Failed to load resource: the server responded with a status of 404 (Not Found) @ http://devboitechimere.test/_wdt/b0dc75?XDEBUG_IGNORE=1:0
[   30131ms] [ERROR] Failed to load resource: the server responded with a status of 404 (Not Found) @ http://devboitechimere.test/_wdt/b0dc75?XDEBUG_IGNORE=1:0
[   31144ms] [ERROR] Failed to load resource: the server responded with a status of 404 (Not Found) @ http://devboitechimere.test/_wdt/b0dc75?XDEBUG_IGNORE=1:0
[   32162ms] [ERROR] Failed to load resource: the server responded with a status of 404 (Not Found) @ http://devboitechimere.test/_wdt/b0dc75?XDEBUG_IGNORE=1:0
[   33176ms] [ERROR] Failed to load resource: the server responded with a status of 404 (Not Found) @ http://devboitechimere.test/_wdt/b0dc75?XDEBUG_IGNORE=1:0
[   34192ms] [ERROR] Failed to load resource: the server responded with a status of 404 (Not Found) @ http://devboitechimere.test/_wdt/b0dc75?XDEBUG_IGNORE=1:0
[   35211ms] [ERROR] Failed to load resource: the server responded with a status of 404 (Not Found) @ http://devboitechimere.test/_wdt/b0dc75?XDEBUG_IGNORE=1:0
